         w __deregister_frame_info
         w __register_frame_info
         w userAppExit
         w userAppInit
00000000 00000401 B __ctru_dev_path_buf
00000000 a shift
00000000 b _TLS_MODULE_BASE_
00000404 00000802 B __ctru_dev_utf16_buf
00100000 A __start__
00100000 T _start
00100008 T __service_ptr
0010000c T __apt_appid
00100010 T __heap_size
00100014 T __linear_heap_size
00100018 T __system_arglist
0010001c T __system_runflags
00100020 t startup
00100058 t ClearMem
0010006c t ClrLoop
00100094 T _init
001000ac T __aeabi_ldivmod
00100180 00000004 W __aeabi_idiv0
00100180 00000004 W __aeabi_ldiv0
001001a8 00000390 T strcmp
00100530 T __aeabi_uidiv
00100530 000001ec T __udivsi3
00100530 t .udivsi3_skip_div0_test
0010071c 00000020 T __aeabi_uidivmod
0010073c t __do_global_dtors_aux
0010077c t frame_dummy
001007a8 00000048 T main
001007f0 000000dc T C3D_RenderTargetCreateFromTex
001008cc 000002a0 T C3D_TexInitWithParams
00100b6c 0000001c T C3D_CalcDepthBufSize
00100b88 0000009c T C3D_FrameBufTex
00100c24 00000024 t addrMapNodeComparator(rbtree_node const*, rbtree_node const*)
00100c48 00000004 t addrMapNodeDestructor(rbtree_node*)
00100c4c 00000114 T vramMemAlign
00100d60 00000008 T vramAlloc
00100d68 0000005c T vramFree
00100dc4 00000024 t addrMapNodeComparator(rbtree_node const*, rbtree_node const*)
00100de8 00000004 t addrMapNodeDestructor(rbtree_node*)
00100dec 00000120 T linearMemAlign
00100f0c 00000008 T linearAlloc
00100f14 0000005c T linearFree
00100f70 00000084 T MemPool::CoalesceRight(MemBlock*)
00100ff4 00000170 T MemPool::Allocate(MemChunk&, unsigned long, int)
00101164 000000fc T MemPool::Deallocate(MemChunk const&)
00101260 00000054 T osGetTimeRef
001012b4 000000e4 T osGetTime
00101398 00000074 T __libctru_gtod
0010140c 00000034 T __ctru_speedup_config
00101440 00000068 T GSPGPU_AcquireRight
001014a8 0000002c T GSPGPU_RestoreVramSysArea
001014d4 00000008 W aptDspSleep
001014dc 00000004 W aptDspWakeup
001014e0 00000004 W aptDspCancel
001014e4 0000015c T aptSendCommand
00101640 00000038 t aptExitProcess
00101678 000002f0 T aptExit
00101968 00000084 T APT_SleepIfShellClosed
001019ec 00000084 T APT_UnlockTransition
00101a70 00000484 t aptEventHandler
00101ef4 000000b0 T APT_ReceiveParameter
00101fa4 000000b0 t aptReceiveParameter.constprop.0
00102054 000002d0 t aptWaitForWakeUp.isra.0
00102324 00000234 T aptInit
00102558 0000007c T APT_CheckNew3DS
001025d4 00000074 T ptmSysmInit
00102648 0000003c T ptmSysmExit
00102684 00000034 T PTMSYSM_ConfigureNew3DSCPU
001026b8 00000010 T rbtree_init
001026c8 000001a0 t do_insert
00102868 00000008 T rbtree_insert
00102870 00000090 T rbtree_rotate
00102900 00000338 T rbtree_remove
00102c38 00000074 T rbtree_find
00102cb0 000001e0 W __system_allocateHeaps
00102e90 00000038 W __libctru_init
00102ec8 000000f0 W __system_initArgv
00102fb8 T svcControlMemory
00102fd8 T svcQueryMemory
00103008 T svcExitProcess
00103010 T svcCreateThread
00103030 T svcExitThread
00103038 T svcSleepThread
00103040 T svcReleaseMutex
00103048 T svcSignalEvent
00103050 T svcClearEvent
00103058 T svcMapMemoryBlock
00103060 T svcUnmapMemoryBlock
00103068 T svcCreateAddressArbiter
0010307c T svcArbitrateAddressNoTimeout
00103084 T svcCloseHandle
0010308c T svcWaitSynchronization
00103094 T svcWaitSynchronizationN
001030bc T svcDuplicateHandle
001030d0 T svcGetSystemTick
001030d8 T svcConnectToPort
001030ec T svcSendSyncRequest
001030f4 T svcGetResourceLimit
00103108 T svcGetResourceLimitLimitValues
00103110 T svcGetResourceLimitCurrentValues
00103118 T svcBreak
00103120 W initSystem
00103170 W __ctru_exit
00103188 0000000c T __sync_init
00103194 00000018 T __sync_fini
001031ac 0000001c T LightLock_Init
001031c8 00000094 T LightLock_Lock
0010325c 00000044 T LightLock_TryLock
001032a0 00000040 T LightLock_Unlock
001032e0 00000024 T RecursiveLock_Init
00103304 00000030 T RecursiveLock_Lock
00103334 00000078 T RecursiveLock_TryLock
001033ac 00000054 T RecursiveLock_Unlock
00103400 00000040 T LightEvent_Init
00103440 000000a4 T LightEvent_Clear
001034e4 000000c8 T LightEvent_Signal
001035ac 00000058 T LightEvent_TryWait
00103604 000000b0 T LightEvent_Wait
001036b4 00000124 T srvInit
001037d8 00000058 T srvExit
00103830 00000080 T srvGetServiceHandleDirect
001038b0 00000048 T srvGetServiceHandle
001038f8 00000038 T srvPublishToSubscriber
00103930 00000188 T threadCreate
00103ab8 0000002c T threadFree
00103ae4 00000024 T threadJoin
00103b08 00000030 T threadGetCurrent
00103b38 00000040 T threadExit
00103b78 00000044 t _thread_begin
00103bbc 00000094 t mappableFindAddressWithin
00103c50 00000028 T mappableInit
00103c78 00000080 T mappableAlloc
00103cf8 00000004 T mappableFree
00103cfc 0000000c T srvPmGetSessionHandle
00103d08 00000050 T rbtree_node_next
00103d58 00000030 W __appInit
00103d88 00000030 t __libctru_nanosleep
00103db8 00000030 t __libctru_get_reent
00103de8 000000f8 T __system_initSyscalls
00103ee0 00000030 W __appExit
00103f10 00000090 W __libctru_exit
00103fa0 00000084 W envGetHandle
00104024 00000050 W envDestroyHandles
00104074 00000014 t archive_link
00104088 00000014 t archive_dirreset
0010409c 00000014 t archive_chmod
001040b0 00000024 t error_cmp
001040d4 00000050 t archive_translate_error
00104124 000000d4 t archive_seek
001041f8 0000007c t _archiveInit.part.0
00104274 0000008c t archiveFindDevice.part.0
00104300 00000294 t archive_utf16path
00104594 000000a0 t _archiveUnmountDeviceStruct.part.0
00104634 00000014 t archive_fchmod
00104648 00000014 t archive_statvfs
0010465c 00000158 t _archiveMountDevice
001047b4 000000e8 t archive_diropen
0010489c 000000a4 t archive_fstat
00104940 0000006c t archive_close
001049ac 0000006c t archive_fsync
00104a18 00000070 t archive_dirclose
00104a88 000000e8 t sdmc_statvfs
00104b70 00000080 t archive_ftruncate
00104bf0 000000fc t archive_chdir
00104cec 000000b0 t archive_read
00104d9c 000000ac t archive_unlink
00104e48 000000c8 t archive_rmdir
00104f10 000000ec t archive_mkdir
00104ffc 000001a8 t archive_stat
001051a4 00000184 t archive_rename
00105328 00000168 t archive_dirnext
00105490 0000012c t archive_write
001055bc 000001f0 t archive_open
001057ac 000001a4 T archiveMountSdmc
00105950 00000054 T archiveUnmountAll
001059a4 00000024 W hidShouldUseIrrst
001059c8 0000018c T hidInit
00105b54 000000e8 T hidExit
00105c3c 000000c8 T fsInit
00105d04 0000003c T fsExit
00105d40 00000060 T fsExemptFromSession
00105da0 00000050 T fsUnexemptFromSession
00105df0 000000cc T FSUSER_OpenFile
00105ebc 000000bc T FSUSER_DeleteFile
00105f78 000000f8 T FSUSER_RenameFile
00106070 000000bc T FSUSER_DeleteDirectory
0010612c 000000d4 T FSUSER_CreateFile
00106200 000000c4 T FSUSER_CreateDirectory
001062c4 000000f8 T FSUSER_RenameDirectory
001063bc 000000b4 T FSUSER_OpenDirectory
00106470 00000094 T FSUSER_OpenArchive
00106504 0000008c T FSUSER_CloseArchive
00106590 00000074 T FSUSER_GetSdmcArchiveResource
00106604 00000064 T FSUSER_IsSdmcWritable
00106668 00000058 T FSFILE_Read
001066c0 00000060 T FSFILE_Write
00106720 00000038 T FSFILE_GetSize
00106758 00000028 T FSFILE_SetSize
00106780 0000003c T FSFILE_Close
001067bc 00000024 T FSFILE_Flush
001067e0 00000050 T FSDIR_Read
00106830 0000003c T FSDIR_Close
0010686c 000000e8 T utf16_to_utf8
00106954 00000064 T decode_utf16
001069b8 0000013c T decode_utf8
00106af4 000000c0 T utf8_to_utf16
00106bb4 T __aeabi_read_tp
00106bc0 00000160 T irrstInit
00106d20 000000cc T irrstExit
00106dec 00000060 T encode_utf16
00106e4c 000000fc T encode_utf8
00106f48 00000120 T __udivmoddi4
00107068 00000078 T bsearch
001070e0 00000028 T calloc
00107108 00000094 T _calloc_r
0010719c 00000034 T exit
001071d0 0000003c T __libc_fini_array
0010720c 0000007c T __libc_init_array
00107288 00000028 T memalign
001072b0 00000148 T _memalign_r
001073f8 00000020 T malloc
00107418 00000020 T free
00107438 000007f0 T _malloc_r
00107c28 0000011c T memcpy
00107d44 00000118 T memset
00107e5c 0000000c T __malloc_lock
00107e68 0000000c T __malloc_unlock
00107e74 0000005c T strlen
00107ed0 000000ec T strncat
00107fbc 000000dc T strncmp
00108098 000000c0 T strncpy
00108158 00000048 T strnlen
001081a0 00000114 T __call_exitprocs
001082b4 000000f8 T _malloc_trim_r
001083ac 000002e4 T _free_r
00108690 00000008 t null_write
00108698 00000018 T setDefaultDevice
001086b0 000000c8 T FindDevice
00108778 00000028 T RemoveDevice
001087a0 0000009c T AddDevice
0010883c 00000020 T GetDeviceOpTab
0010885c 00000078 T _sbrk_r
001088d4 00000024 T _exit
001088f8 000001b8 T _concatenate_path
00108ab0 00000160 T chdir
00108c10 00000018 T __libc_lock_acquire_recursive
00108c28 00000018 T __libc_lock_release_recursive
00108c40 00000028 T __getreent
00108c68 00000144 T strchr
00108dac 00000044 T strrchr
00108df0 T _fini
00109010 00000038 r CSWTCH.18
00109048 00000004 r depthFmtSizes
00109064 00000008 r s_sleepWakeEvents.4
0010909c 00000070 r archive_devoptab
0010910c 00000030 r error_table
00109164 00000004 R _global_impure_ptr
00109168 00000070 R dotab_stdnull
001091d8 00000101 R _ctype_
001092dc r 
001092dc R __exidx_end
001092dc R __exidx_start
0010a000 W __stacksize__
0010a004 00000004 D _impure_ptr
0010a008 00000460 d impure_data
0010a468 00000408 D __malloc_av_
0010a870 00000004 D __malloc_sbrk_base
0010a874 00000004 D __malloc_trim_threshold
0010a878 0000000c d __malloc_recursive_mutex
0010a884 0000000c D __atexit_recursive_mutex
0010a890 00000004 d defaultDevice
0010a894 0000008c D devoptab_list
0010a920 00000400 d _current_working_directory
0010ad28 d _GLOBAL_OFFSET_TABLE_
0010ad34 d __frame_dummy_init_array_entry
0010ad34 D __init_array_start
0010ad34 B __preinit_array_end
0010ad34 B __preinit_array_start
0010ad34 D __tdata_lma
0010ad34 D __tdata_lma_end
0010ad38 d __do_global_dtors_aux_fini_array_entry
0010ad38 D __fini_array_start
0010ad38 D __init_array_end
0010ad3c D __bss_start__
0010ad3c D __fini_array_end
0010ad3c 00000004 B mainLayerTexture
0010ad40 00000004 B mainLayerTarget
0010ad44 b completed.1
0010ad48 b object.0
0010ad60 00000004 b firstTarget
0010ad64 00000004 b lastTarget
0010ad68 0000000c b sAddrMap
0010ad74 00000008 b sVramPool
0010ad7c 00000008 b sLinearPool
0010ad84 0000000c b sAddrMap
0010ad90 00000001 V __ctru_speedup
0010ad94 00000004 b gspGpuHandle
0010ad98 00000001 b gspGpuRight
0010ad99 00000001 b aptChainloadFlags
0010ad9a 00000001 b aptChainloadMediatype
0010ada0 00000008 b aptChainloadTid
0010ada8 00000004 b aptEventHandlerThread
0010adac 00000001 b aptEventHandlerThreadQuit
0010adb0 00000008 b aptEvents
0010adb8 0000000c b aptFirstHook
0010adc4 00000004 b aptFlags
0010adc8 00000001 b aptHomeButtonState
0010adcc 00000004 b aptLockHandle
0010add0 00000004 b aptMessageFunc
0010add4 00000004 b aptMessageFuncData
0010add8 00001000 b aptParameters
0010bdd8 00000008 b aptReceiveEvent
0010bde0 00000004 b aptRefCount
0010bde4 00000008 b aptSleepEvent
0010bdec 00000001 b flagInit.1
0010bded 00000001 b flagValue.0
0010bdf0 00000004 b serviceName.6
0010bdf4 00000004 b ptmSysmHandle
0010bdf8 00000004 b ptmSysmRefCount
0010bdfc 00000004 B __ctru_heap
0010be00 00000004 V __ctru_heap_size
0010be04 00000004 B __ctru_linear_heap
0010be08 00000004 V __ctru_linear_heap_size
0010be0c 00000004 B __system_retAddr
0010be10 00000004 B __system_argc
0010be14 00000004 B __system_argv
0010be18 b saved_stack
0010be20 00000004 b arbiter
0010be24 00000004 b srvHandle
0010be28 00000004 b srvRefCount
0010be2c 00000004 b currentAddr
0010be30 00000004 b maxAddr
0010be34 00000004 b minAddr
0010be38 00000004 b srvPmHandle
0010be3c 00000004 b archive_device_cwd
0010be40 00000540 b archive_devices
0010c380 00000001 b archive_initialized
0010c384 00000014 B hidEvents
0010c398 00000004 B hidHandle
0010c39c 00000004 B hidMemHandle
0010c3a0 00000004 b hidRefCount
0010c3a4 00000004 B hidSharedMem
0010c3a8 00000004 b kDown
0010c3ac 00000004 b kHeld
0010c3b0 00000004 b kOld
0010c3b4 00000004 b kUp
0010c3b8 00000001 b usingIrrst
0010c3c0 00000080 b fsExemptArchives
0010c440 00000004 b fsuHandle
0010c444 00000004 b fsuRefCount
0010c448 00000004 B irrstEvent
0010c44c 00000004 B irrstHandle
0010c450 00000004 B irrstMemHandle
0010c454 00000004 b irrstRefCount
0010c458 00000004 B irrstSharedMem
0010c45c 00000004 b kHeld
0010c460 00000028 B __malloc_current_mallinfo
0010c488 00000004 B __malloc_max_sbrked_mem
0010c48c 00000004 B __malloc_max_total_mem
0010c490 00000004 B __malloc_top_pad
0010c494 00000004 b heap_start.0
0010c498 00000004 B fake_heap_end
0010c49c 00000004 B fake_heap_start
0010c4a0 00000400 b temp_cwd
0010c8a0 00000048 B __syscalls
0010c8e8 B __tls_start
0010d4f0 B __bss_end__
0010d4f0 A __end__
0010d4f0 B __tls_end
